"A","ALA","H","1",3.97,11.59,8.187808755502307419240326589,.609439602814864,11268,92260.229057,759593.862421895
"A","ALA","HA","1",1.5,6.514,4.26117480607799,.434963719575845,9411,40101.9161,172661.584806211
"A","ALA","HB","1",-.73,2.702,1.36936358501441,.251666093917301,8675,11879.2291,16816.35867479
"A","ALA","HB1","0",10000,-10000,0,0,,,
"A","ALA","HB2","0",10000,-10000,0,0,,,
"A","ALA","HB3","0",10000,-10000,0,0,,,
"A","ALA","C","1",164.477,185.417,177.77123194247159090909090909,2.23720125567425,5632,1001207.5783,178014088.17065
"A","ALA","CA","1",43,65.516,53.1782273854845,2.03755899459226,8143,433030.3056,23061586.7630794
"A","ALA","CB","1",0,38.7,18.9320233741753,1.87173749859024,7427,140608.1376,2688012.80542617
"A","ALA","N","1",99.44,142.81,123.176049157485,3.68557457078732,9258,1140363.8631,140591257.347076
"A","ALA","O","0",10000,-10000,0,0,,,
"R","ARG","H","1",4.92,11.835,8.240566182441168864753038531,.603319066755156,7734,63732.538855,528006.969209799
"R","ARG","HA","1",1.34,6.1,4.28784417602708,.451578788711497,6499,27866.6993,120813.15856749
"R","ARG","HB2","1",-.38,3.29,1.79976012691697,.270896857255556,5673,10210.0392,18791.86177486
"R","ARG","HB3","1",-.197,3.29,1.78122836454914,.279866693051063,5179,9224.9817,16837.36781101
"R","ARG","HG2","1",-.64,3.35,1.58068977616455,.267777086792924,4959,7838.6406,12745.97030464
"R","ARG","HG3","1",-.26,3.35,1.56622380304062,.280337118813285,4407,6902.3483,11156.88489855
"R","ARG","HD2","1",.83,4.38,3.1272895613079019073569482289,.234448494143382,4771,14920.298497,46922.2820211232
"R","ARG","HD3","1",1.215,4.278,3.12294166064982,.239412275097217,4155,12975.8226,40760.8369371803
"R","ARG","HE","1",3.08,11.88,7.34102329411765,.569743566122342,2125,15599.6745,115207.04070609
"R","ARG","HH11","1",5.82,9.45,6.81463706563707,.410393571187412,259,1764.991,12071.226193
"R","ARG","HH12","1",5.82,8.76,6.7590518134715,.347069993855215,193,1304.497,8840.29066899999
"R","ARG","HH21","1",4.59,9.7,6.80612552301255,.41629903115121,239,1626.664,11112.52593
"R","ARG","HH22","1",4.59,9.21,6.75761386138614,.394184010627964,202,1365.038,9255.631298
"R","ARG","C","1",167.44,184.51,176.47381450784207679826933478,2.09349218223027,3698,652600.16605,115183043.528379
"R","ARG","CA","1",46.1,67.98,56.8325275641026,2.39355033883304,5460,310305.6005,17666726.6590343
"R","ARG","CB","1",22,42.14,30.6102680721628,1.8423543458486,4767,145919.1479,4482801.32268756
"R","ARG","CG","1",18.22,37.83,27.2521939846883,1.37105589414475,2743,74752.7681,2042331.33302789
"R","ARG","CD","1",28.62,49.062,43.1269021993615,1.04180540217001,2819,121574.7373,5246200.34569187
"R","ARG","CZ","1",156.489,160.6,159.1805,.964991971725529,92,14644.606,2331220.445448
"R","ARG","N","1",103.6,137.6,120.740138314495,3.84370866642633,6016,726372.6721,87791203.0865419
"R","ARG","NE","1",7.28,145.595,93.0830635933806,15.1357760678068,846,78748.2718,7523712.89284092
"R","ARG","NH1","1",70.1,112.5,73.3779302325581,6.23807394876444,43,3155.251,233160.157541
"R","ARG","NH2","1",70.1,111.9,73.8826052631579,6.72787682480134,38,2807.539,209103.075781
"R","ARG","O","0",10000,-10000,0,0,,,
"D","ASP","H","1",5.43,12.612,8.327242686367218282111899133,.572078677682618,8883,73970.896783,618880.457027805
"D","ASP","HA","1",2.59,6.341,4.6071385031804,.319143311843735,7389,34042.1464,157589.369336762
"D","ASP","HB2","1",-.39,6.6,2.73418158882715,.2758415664763,6659,18206.9152,50287.6100268796
"D","ASP","HB3","1",.602,4.58,2.68571277839204,.287711630428257,6331,17003.2476,46189.8239813395
"D","ASP","HD2","1",10000,-10000,0,0,,,
"D","ASP","C","1",166.8,182.7,176.42470752938662107287882026,1.80324250435237,4679,825491.20653,145652256.055687
"D","ASP","CA","1",39.8,62.485,54.6132195114596,2.08670771644456,6632,362194.8718,19809501.7283798
"D","ASP","CB","1",29.505,48.8,40.8189868183339,1.65756785386749,5978,244015.9032,9976903.93010831
"D","ASP","CG","1",173.49,182.6612,179.205301315789,1.55272757920856,152,27239.2058,4881774.13839502
"D","ASP","N","1",105.33,143.52,120.792475433449,4.04064685517738,7498,905701.9808,109524386.487891
"D","ASP","O","0",10000,-10000,0,0,,,
"D","ASP","OD1","0",10000,-10000,0,0,,,
"D","ASP","OD2","0",10000,-10000,0,0,,,
"N","ASN","H","1",3.61,12.4,8.360194468024985127900059488,.630617992612577,6724,56213.947603,472633.130047122
"N","ASN","HA","1",2.611,6.39,4.68326491697911,.372458590291001,5601,26230.9668,123623.428801181
"N","ASN","HB2","1",.1,4.47,2.80772855457227,.329243597575996,5085,14277.2997,40637.8944957098
"N","ASN","HB3","1",.142,4.47,2.77487715986046,.338044484169544,4873,13521.9764,38078.5667535399
"N","ASN","HD21","1",3.33,9.618,7.31768878007834,.509227254345758,3574,26153.4197,192309.109092309
"N","ASN","HD22","1",3.05,10.332,7.1667,.513284498617199,3548,25427.4516,183165.413465439
"N","ASN","C","1",168.23,181,175.33906237132352941176470588,1.84285250487321,3264,572306.69958,100358801.584956
"N","ASN","CA","1",41.313,62.13,53.5014203111679,1.96634314154477,4692,251028.6641,13448527.8447634
"N","ASN","CB","1",28.644,55.09,38.6191012328118,1.7781821948172,4218,162895.369,6304206.61266529
"N","ASN","CG","1",170.7,181.2,176.809532920792,1.36735203418245,404,71431.0513,12630444.2859831
"N","ASN","N","1",104.22,137.49,119.062181802785,4.22653523025526,5314,632696.4341,75425127.1698674
"N","ASN","ND2","1",104,133.59,112.883697610063,2.49288954385904,2385,269227.6188,30406224.472791
"N","ASN","O","0",10000,-10000,0,0,,,
"N","ASN","OD1","0",10000,-10000,0,0,,,
"C","CYS","H","1",4.73,12.12,8.411710807088380439659039928,.666525854517927,4458,37499.406778,317414.217431506
"C","CYS","HA","1",1.64,6.43,4.70403233155599,.564261476350986,4126,19408.8374,92613.1615789999
"C","CYS","HB2","1",-.25,4.65,2.96064683576736,.44758768268351,3903,11555.4046,34993.1781958599
"C","CYS","HB3","1",-.83,4.65,2.92832827568134,.483510591517779,3816,11174.5007,33614.4865738301
"C","CYS","HG","1",.25,7.392,2.6135,2.22506895773292,16,41.816,183.550094
"C","CYS","C","1",168.5,182.725,174.775011535464,2.04831082229648,1283,224236.3398,39196287.6052173
"C","CYS","CA","1",42.452,68.535,57.5812857608696,3.4542167668546,1840,105949.5658,6122654.46174563
"C","CYS","CB","1",20.1,57,34.2833623574144,6.70788024248604,1578,54099.1458,1925658.77032506
"C","CYS","N","1",100.48,135.89,119.873295654063,4.63705612815737,2301,275828.4533,33113920.998166
"C","CYS","O","0",10000,-10000,0,0,,,
"C","CYS","SG","0",10000,-10000,0,0,,,
"E","GLU","H","1",4.308,12.17,8.338862846494657284336721397,.611850142698467,11511,95988.650226,804745.079527615
"E","GLU","HA","1",1.77,6.29,4.2526180970056144728633811603,.416939530165606,9618,40901.680857,175611.033755568
"E","GLU","HB2","1",.25,3.33,2.0406631288075560802833530106,.215109752414194,8470,17284.416701,35663.5511737646
"E","GLU","HB3","1",.339,3.33,2.0246224345031495050777734927,.221238992733785,7779,15749.537918,32267.5751714846
"E","GLU","HG2","1",.7,3.684,2.2978333681078936929789765966,.219170405754987,7563,17378.513763,40296.1745247738
"E","GLU","HG3","1",.454,3.684,2.2834551668625146886016451234,.22149936363418,6808,15545.762776,35832.0171504671
"E","GLU","HE2","1",10000,-10000,0,0,,,
"E","GLU","C","1",166.8,182.988,176.99469861432241490044958253,2.04782250459689,6228,1102322.98297,195131437.550459
"E","GLU","CA","1",46.8,66.6,57.4398651369863,2.14100340095735,8760,503173.2186,28942352.1581629
"E","GLU","CB","1",21.7,44.18,30.0061058148432,1.79930808391528,7842,235307.8818,7086058.51298079
"E","GLU","CG","1",25.1,51.92,36.0323951603266,1.37142905967664,5021,180918.6561,6528374.21315238
"E","GLU","CD","1",173.41,185.199,182.323628571429,1.91951540775546,140,25525.308,4654378.92594
"E","GLU","N","1",104.543,138.6,120.7312908693,3.69059119428542,9824,1186064.2015,143328855.912578
"E","GLU","O","0",10000,-10000,0,0,,,
"E","GLU","OE1","0",10000,-10000,0,0,,,
"E","GLU","OE2","0",10000,-10000,0,0,,,
"Q","GLN","H","1",5.407,11.94,8.217488273713175785043703464,.600236653283232,6178,50767.642555,419407.981894513
"Q","GLN","HA","1",2.39,6.23,4.2851777159309,.4394298256303,5210,22325.7759,96675.7678372901
"Q","GLN","HB2","1",-.14,4,2.0459317377192982456140350877,.259513706834243,4560,9329.448724,19394.4518724913
"Q","GLN","HB3","1",-1.14,4.04,2.0324135391924,.285259915129898,4210,8556.461,17732.7670635
"Q","GLN","HG2","1",.06,3.66,2.3163328513835877862595419847,.290072679189152,4192,9710.067313,22844.3876955052
"Q","GLN","HG3","1",.05,3.66,2.30659189408268,.290088868544156,3701,8536.6966,20002.0359209201
"Q","GLN","HE21","1",3.727,11.11,7.19490247625509,.479569252133037,2948,21210.5725,153285.77131243
"Q","GLN","HE22","1",3.59,9.79,7.04677546848382,.47764098426311,2935,20682.286,146412.79104646
"Q","GLN","C","1",169.03,182.221,176.33583740102171136653895275,1.98461038406915,3132,552283.84274,97399765.8946091
"Q","GLN","CA","1",46.82,65.58,56.5309685839737,2.19003174617597,4555,257498.5619,14578485.1858176
"Q","GLN","CB","1",21,41.543,29.186979799462,1.91360408904409,4089,119345.5604,3498306.22848234
"Q","GLN","CG","1",21.64,41.7,33.7198512324611,1.2223271192914,2637,88919.2477,3002282.20848052
"Q","GLN","CD","1",172.8,183.5,179.704789457831,1.11730184645443,332,59661.9901,10721958.5778464
"Q","GLN","N","1",105.261,139.55,119.86311123464,3.79061418149425,5127,614538.1713,73734111.427069
"Q","GLN","NE2","1",92.49,133.301,111.877420609982,2.02595671585933,2164,242102.7382,27094707.9072589
"Q","GLN","O","0",10000,-10000,0,0,,,
"Q","GLN","OE1","0",10000,-10000,0,0,,,
"G","GLY","H","1",3.03,12.22,8.334417968266738178242603021,.693504883893701,11187,93237.133811,782457.139126378
"G","GLY","HA2","1",.94,7.31,3.95838200845895,.381259378836223,9221,36500.2405,145822.102642249
"G","GLY","HA3","1",1.27,6.01,3.9141646287322002756086357373,.382669297594152,8708,34084.545587,134687.539158079
"G","GLY","C","1",165.8,183,174.02752857738998482549317147,1.90116413880973,5272,917473.13066,159684633.099532
"G","GLY","CA","1",35.5,55.41,45.3568746379598,1.3484978136314,7803,353919.6928,16066878.6566838
"G","GLY","N","1",88.3,135.66,109.701602000227,4.1688295308238,8799,965264.396,106043952.265685
"G","GLY","O","0",10000,-10000,0,0,,,
"H","HIS","H","1",4.6,11.03,8.244690497276513937840435758,.689620064979385,3121,25731.679042,213633.526278696
"H","HIS","HA","1",1.954,8.9,4.6230316710875331564986737401,.475113341203065,2639,12200.18058,56997.3040426044
"H","HIS","HB2","1",.37,8.7,3.10328181432811,.391210594348515,2359,7320.6418,23078.8963964399
"H","HIS","HB3","1",.52,8.7,3.0792830221533008418254319894,.397807184407712,2257,6949.941781,21757.8509854474
"H","HIS","HD1","1",3.794,17.2,8.98382285714286,2.92481917459392,175,1572.169,15612.582491
"H","HIS","HD2","1",3.46,9.01,7.0679792876940133037694013304,.489966721991212,1804,12750.634635,90554.0630068858
"H","HIS","HE1","1",3.21,10.259,8.040105016676961087090796788,.551601752307862,1619,13016.930022,105149.78432153
"H","HIS","HE2","1",6.615,16.53,9.94719540229885,2.74015190055555,87,865.406,9254.087774
"H","HIS","C","1",166.9,180.8,175.26658073139158576051779935,2.07035449587167,1545,270786.86723,47466506.4781558
"H","HIS","CA","1",45.8,66.98,56.4685621434745,2.50278349008968,2314,130668.2528,7393136.81239962
"H","HIS","CB","1",23.4,41.6,30.2147426519866,2.17107694040834,2089,63118.5974,1916954.12176484
"H","HIS","CG","1",122.67,136.8,130.835829787234,3.31349138942448,47,6149.284,805051.719096
"H","HIS","CD2","1",94.171,138.851,119.624368614357,2.79459510041639,599,71654.9968,8576353.9878054
"H","HIS","CE1","1",115.52,140.612,136.809052655889,2.33898695840188,433,59238.3198,8106701.82428096
"H","HIS","N","1",105,136.48,119.408076861808,4.3020614987749,2511,299833.681,35849017.6367863
"H","HIS","ND1","1",106.6,256.6,193.420197530864,33.9886387806352,81,15667.036,3122739.403136
"H","HIS","NE2","1",114.714,231.5,175.535652173913,20.9153110021645,92,16149.28,2874582.368262
"H","HIS","O","0",10000,-10000,0,0,,,
"I","ILE","H","1",3.75,11.494,8.285483826070384957438699022,.695617419103653,7871,65215.043195,544146.349491548
"I","ILE","HA","1",1.03,6.3,4.1920738583963691376701966717,.560425461477684,6610,27709.608204,118236.457074633
"I","ILE","HB","1",-1.28,3.01,1.7997649583751253761283851555,.297290319774834,5982,10766.193981,19905.2286183135
"I","ILE","HG12","1",-2.02,2.691,1.2863612973025048169556840077,.392730408493718,5190,6676.215133,9388.36145417452
"I","ILE","HG13","1",-2.04,2.99,1.2311363014061544732015488078,.41218828900785,4907,6041.185831,8271.04858461475
"I","ILE","HG2","1",-2.07,1.79,.8004036081970159985619270178,.270736413796092,5563,4452.6452724,3971.59796246059
"I","ILE","HG21","0",10000,-10000,0,0,,,
"I","ILE","HG22","0",10000,-10000,0,0,,,
"I","ILE","HG23","0",10000,-10000,0,0,,,
"I","ILE","HD1","1",-1.22,2.96,.6997215966326902074990899163,.296316378115838,5494,3844.2704519,3172.22311238805
"I","ILE","HD11","0",10000,-10000,0,0,,,
"I","ILE","HD12","0",10000,-10000,0,0,,,
"I","ILE","HD13","0",10000,-10000,0,0,,,
"I","ILE","C","1",167,182.7,175.88569549137104506232023011,1.99886835172774,4172,733795.12159,129080730.433954
"I","ILE","CA","1",51.15,71.699,61.5819957701382,2.78543154645104,5934,365427.5629,22549790.5780632
"I","ILE","CB","1",20.939,45.7,38.5739945546407,2.07774932518351,5344,206139.4269,7974687.08752346
"I","ILE","CG1","1",9.8,38.39,27.648910325276,2.05848427093929,3351,92651.4985,2575908.12113286
"I","ILE","CG2","1",7.3,29.8,17.5026254510662,1.58468407758722,3658,64024.6039,1129782.20651397
"I","ILE","CD1","1",3.2,21.28,13.462392641499035546982639846,1.77193109112968,3629,48855.022896,669096.476699709
"I","ILE","N","1",99,138.12,121.560605578293,4.44025465019797,6597,801935.315,97613788.3475406
"I","ILE","O","0",10000,-10000,0,0,,,
"L","LEU","H","1",4.89,12.13,8.221414821117134103228847514,.652101507132123,12729,104650.389258,865786.669870086
"L","LEU","HA","1",1.58,6.239,4.3177194689714614058609461789,.470878515490272,10442,45085.626695,196982.135335455
"L","LEU","HB2","1",-1.44,3.136,1.6310870869707551287647315583,.34572895574062,9164,14947.282065,25475.5585063351
"L","LEU","HB3","1",-1.21,3.108,1.555753796747967479674796748,.363375869303913,8610,13395.04019,21976.1344039601
"L","LEU","HG","1",-1.06,3.9,1.5229994597486624362324250342,.331596003563187,8037,12240.346658,19525.6470366478
"L","LEU","HD1","1",-1.76,2.364,.7695280404574132492113564669,.274297635875962,8876,6830.3308871,5923.87898151919
"L","LEU","HD11","0",10000,-10000,0,0,,,
"L","LEU","HD12","0",10000,-10000,0,0,,,
"L","LEU","HD13","0",10000,-10000,0,0,,,
"L","LEU","HD2","1",-1.03,2.78,.7477317409841869247108803399,.280291298206798,8474,6336.2787731,5403.50285238009
"L","LEU","HD21","0",10000,-10000,0,0,,,
"L","LEU","HD22","0",10000,-10000,0,0,,,
"L","LEU","HD23","0",10000,-10000,0,0,,,
"L","LEU","C","1",167.49,189.78,176.97461064056405640564056406,2.07266982652373,6666,1179712.75453,208807837.975452
"L","LEU","CA","1",44.6,65.83,55.6255076343173,2.1990901287089,9418,523881.0309,29186688.871263
"L","LEU","CB","1",30.26,51.29,42.269265101463,1.91793460513115,8476,358274.291,15175166.0452602
"L","LEU","CG","1",15.569,41.217,26.6963124492283,1.274044072429,4924,131452.6425,3517291.77245018
"L","LEU","CD1","1",10.945,31.83,24.5840756689704,1.7391419457682,5643,138727.939,3427563.0259562
"L","LEU","CD2","1",12.5,30.4,24.1205138391155,1.78709942859996,5246,126536.2156,3068869.6238377
"L","LEU","N","1",100.6,144.55,121.807806002073,3.99853694660744,10613,1292746.2451,157636251.648383
"L","LEU","O","0",10000,-10000,0,0,,,
"K","LYS","H","1",5.11,11.613,8.1998151791609353507565337,.622605882593187,11632,95380.250164,786609.041654031
"K","LYS","HA","1",.68,7.96,4.2745604698360317624007424977,.447465149509786,9697,41450.412876,179123.678520142
"K","LYS","HB2","1",-.18,4.05,1.78471725115126,.255804368769254,8469,15114.7704,27529.70247026
"K","LYS","HB3","1",-.55,3.95,1.7611003978923017606991389282,.271884137223793,7781,13703.122196,24707.6792078376
"K","LYS","HG2","1",-.82,3.01,1.3793223922159791695217212553,.264810546125753,7297,10064.915496,14394.3925858708
"K","LYS","HG3","1",-.98,2.99,1.36301392966361,.285807651699257,6540,8914.1111,12684.20244391
"K","LYS","HD2","1",-.61,7.71,1.6124005328258801141769743102,.250235295749587,6306,10167.79776,16789.3671448109
"K","LYS","HD3","1",-.102,3.61,1.60138900977319,.242737182235059,5423,8684.3326,14226.4662863799
"K","LYS","HE2","1",1,4.32,2.9256478839679686223239091355,.204879785275185,6119,17902.039402,52631.8711893758
"K","LYS","HE3","1",1.028,4.32,2.91774491916859,.213808133824846,5196,15160.6026,44472.2550121599
"K","LYS","HZ","1",2.82,9.9,7.4983382300885,.417944470619752,565,4236.5611,31865.68621565
"K","LYS","HZ1","0",10000,-10000,0,0,,,
"K","LYS","HZ2","0",10000,-10000,0,0,,,
"K","LYS","HZ3","0",10000,-10000,0,0,,,
"K","LYS","C","1",121.156,185,176.64682409321885403889959699,2.17034005674576,5707,1008123.4251,178108678.743132
"K","LYS","CA","1",46.1,63.14,56.9048308771502,2.26176448042467,8197,466448.8987,26585122.9752745
"K","LYS","CB","1",22.9,46.6,32.7460858079497,1.86666408322545,7321,239734.0942,7875859.28249741
"K","LYS","CG","1",17.3,40.5,24.879296668188,1.27049789599012,4382,109021.078,2719439.39909085
"K","LYS","CD","1",21.3,42.6,28.8603769643729,1.27577125020294,4098,118269.8248,3419979.97282115
"K","LYS","CE","1",29.216,56,41.813790863694267515923566879,.93650439991917,3925,164119.12914,6865884.44947854
"K","LYS","N","1",101.1,140.3,121.069596752484,3.95819303500466,9361,1133332.4952,137358754.034428
"K","LYS","NZ","1",33,131.04,73.817,50.2866424908245,7,516.719,53315.124901
"K","LYS","O","0",10000,-10000,0,0,,,
"M","MET","H","1",4.865,10.62,8.2494280338431500162707452,.599777285673765,3073,25350.492348,210232.161385602
"M","MET","HA","1",1.864,6.35,4.38971502276176,.476433445160957,2636,11571.2888,51392.7758389799
"M","MET","HB2","1",-.99,4.07,2.04351658600968,.340438104589723,2273,4644.9132,9755.27765491998
"M","MET","HB3","1",-.99,3.15,2.00731019440493,.362673311047194,2109,4233.4172,8775.05081232001
"M","MET","HG2","1",-.36,4.4,2.4439597718254,.350882567227091,2016,4927.0229,12289.52969307
"M","MET","HG3","1",-.469,4.24,2.40509016480595,.397843117340168,1881,4523.9746,11178.1316108
"M","MET","HE","1",-.19,3.3,1.88156905864198,.402522352893058,1296,2438.5135,4798.05294740999
"M","MET","HE1","0",10000,-10000,0,0,,,
"M","MET","HE2","0",10000,-10000,0,0,,,
"M","MET","HE3","0",10000,-10000,0,0,,,
"M","MET","C","1",168.2,181.4,176.322307049283,2.08578412848996,1603,282644.6582,49843527.7026598
"M","MET","CA","1",47.7,63.76,56.1953601809955,2.26346385692957,2431,136610.9206,7689349.43054923
"M","MET","CB","1",24.86,46.46,33.0151541241891,2.26735450691501,2158,71246.7026,2363309.78084354
"M","MET","CG","1",20.83,37.959,32.0350989747634,1.35157509239375,1268,40620.5055,1303596.41297431
"M","MET","CE","1",0,41.37,17.1954641618497,2.48936287863744,865,14874.0765,261120.79479225
"M","MET","N","1",106.3,138.547,120.039449023363,3.67149375641711,2611,313423.0014,37658306.8506175
"M","MET","O","0",10000,-10000,0,0,,,
"M","MET","SD","0",10000,-10000,0,0,,,
"F","PHE","H","1",5.211,12.026,8.388116994573779100297566953,.715787161737355,5713,47921.31239,404896.125263145
"F","PHE","HA","1",2.13,6.66,4.6110676739726027397260273973,.584946727598975,4745,21879.516113,102511.149196884
"F","PHE","HB2","1",.17,4.32,2.99562038790118,.374744330090937,4331,12974.0319,39473.3507179301
"F","PHE","HB3","1",.31,4.31,2.96706848165028,.385432686484443,4169,12369.7085,37320.9634445702
"F","PHE","HD1","1",2.46,8.08,7.0614287805142083897158322057,.335535278165311,3695,26091.979344,184662.538891472
"F","PHE","HD2","1",2.46,8.15,7.06704256549847,.333477529095082,2939,20770.0381,147109.47027669
"F","PHE","HE1","1",4.1,8.8,7.0987996912511197372349955211,.324674010079523,3349,23773.880166,169118.936618767
"F","PHE","HE2","1",4.1,8.8,7.10406130930489,.324535886992605,2719,19315.9427,137507.91057483
"F","PHE","HZ","1",4.53,9.5,7.03034571877455,.432061488182984,2546,17899.2602,126313.08061106
"F","PHE","C","1",167.7,181.96,175.55188092912851814174296372,2.02434730363406,2949,517702.49686,90895727.9364322
"F","PHE","CA","1",47.31,69.821,58.2102709646609,2.69323561805813,4188,243784.6148,14221138.9647846
"F","PHE","CB","1",25.523,50.4,39.9142348911312,2.0800541293071,3766,150317.0086,6016078.13319848
"F","PHE","CG","1",127.84,140.4,136.77696969697,3.36035385492389,33,4513.64,617723.3448
"F","PHE","CD1","1",118.5,135.172,131.443722040498,1.3367802571023,1284,168773.7391,22186541.1472038
"F","PHE","CD2","1",119.1,137.2,131.430126295337,1.2798916872211,772,101464.0575,13336696.8842879
"F","PHE","CE1","1",116.5,135.6,130.554036732767,1.54184413295368,1059,138256.7249,18052488.7069101
"F","PHE","CE2","1",126.4,133.5,130.656661310452,1.03130431807717,641,83750.9199,10943296.2725149
"F","PHE","CZ","1",117.51,138.6,129.16788310559,1.75677562462602,805,103980.1459,13433376.684432
"F","PHE","N","1",102.76,139.02,120.690489534884,4.25730974495804,4730,570866.0155,68983810.5108684
"F","PHE","O","0",10000,-10000,0,0,,,
"P","PRO","H2","1",8.51,8.51,8.51,0,1,8.51,72.4201
"P","PRO","H3","1",10000,-10000,0,0,,,
"P","PRO","HA","1",1.63,6.05,4.3990917490974729241877256318,.338333736500077,4986,21933.871461,97059.7445103613
"P","PRO","HB2","1",-.78,4.02,2.0672276737494466578131916777,.362520441608441,4518,9339.73463,19900.9868684399
"P","PRO","HB3","1",-.36,3.79,2.0325888363804674843786160611,.371586251031506,4321,8782.816362,18448.3442866293
"P","PRO","HG2","1",-.93,4.92,1.9388885292191435768261964736,.336650646191142,3970,7697.387461,15374.1975400268
"P","PRO","HG3","1",-.9,4.92,1.9148750315876974231088944306,.35307872322015,3609,6910.783989,13683.0775311572
"P","PRO","HD2","1",.63,5.357,3.6470824429223744292237442922,.36506251382545,4161,15175.510045,55900.742105754
"P","PRO","HD3","1",-.257,5.357,3.6257436602385181426034001522,.39107746087475,3941,14289.055765,52411.0431775361
"P","PRO","C","1",170.5,182.3,176.7629340429887410440122825,1.58481685174765,2931,518092.15968,91586849.3679544
"P","PRO","CA","1",50.12,70.67,63.280491605166,1.65048678552427,4336,274384.2116,17374976.8009814
"P","PRO","CB","1",25.483,43.7,31.7554616312615,1.25185143388659,3813,121083.5752,3851038.7336713
"P","PRO","CG","1",19.31,33.785,27.2101662478336,1.1887737225365,2308,62801.0637,1712087.59691434
"P","PRO","CD","1",26.96,66.221,50.3340634680135,1.19784932786697,2376,119593.7348,6023046.38995412
"P","PRO","N","1",104.392,145.257,130.803430769231,9.89592916926295,130,17004.446,2236872.769552
"P","PRO","O","0",10000,-10000,0,0,,,
"S","SER","H","1",2.964,13.13,8.289225346336822074215033302,.602289274251505,9459,78407.782551,653370.690386125
"S","SER","HA","1",1.43,6.46,4.5006529313310069790628115653,.418819784870745,8024,36113.239121,163940.47003766
"S","SER","HB2","1",1.53,5.41,3.88262567202389,.26967379175515,7031,27298.7411,106502.04240513
"S","SER","HB3","1",1.511,4.96,3.86084946825149,.286592838707308,6394,24686.2715,95835.0701589696
"S","SER","HG","1",0,8.97,5.35860317460317,1.12484839923869,126,675.184,3776.203616
"S","SER","C","1",165,182,174.62823384298416829321188462,1.78826623197511,4611,805210.78625,140627279.775255
"S","SER","CA","1",45.13,68.4,58.6412207728753,2.19311106091776,6754,396062.8051,23258086.541849
"S","SER","CB","1",44.83,73.9,63.8144146779661,1.60979596540201,5900,376505.0466,24041736.0946326
"S","SER","N","1",102.6,133.1,116.24900006697,3.7935162984287,7466,867915.0345,101001681.971207
"S","SER","O","0",10000,-10000,0,0,,,
"S","SER","OG","0",10000,-10000,0,0,,,
"T","THR","H","1",5.544,11.39,8.260263644498607242339832869,.625400268333676,8616,71170.431561,591256.074531473
"T","THR","HA","1",.87,6.36,4.47718678008646,.484476655529297,7171,32105.9064,145427.065102101
"T","THR","HB","1",.92,5.9,4.1733833635650400125529577907,.342815629605932,6373,26596.972176,111748.214926729
"T","THR","HG1","1",.32,8.21,4.7978453125,1.71077710313337,256,1228.2484,6639.26919416
"T","THR","HG2","1",-.83,4.347,1.1548461396648044692737430168,.24164439882742,6265,7235.111065,8721.20766845731
"T","THR","HG21","0",10000,-10000,0,0,,,
"T","THR","HG22","0",10000,-10000,0,0,,,
"T","THR","HG23","0",10000,-10000,0,0,,,
"T","THR","C","1",165.5,182.015,174.57484196669884169884169884,1.81220555288303,4144,723438.14511,126307705.835846
"T","THR","CA","1",51.61,72.797,62.139792079697,2.74255991255366,6073,377374.9573,23495672.7496611
"T","THR","CB","1",12.65,81.526,69.5850549162011,2.04905925820524,5370,373671.7449,26024511.4082957
"T","THR","CG2","1",11.7,38.9,21.4573372066723,1.28943696817109,3537,75894.6017,1634375.1830921
"T","THR","N","1",97.7,134,115.624631180178,4.96935332652011,6982,807291.1749,93515136.4652341
"T","THR","O","0",10000,-10000,0,0,,,
"T","THR","OG1","0",10000,-10000,0,0,,,
"W","TRP","H","1",5.16,11.085,8.28857707767518,.804041906676315,1841,15259.2704,127667.16829284
"W","TRP","HA","1",2.28,6.75,4.7054780118499,.541802260591533,1519,7147.6211,34078.58235187
"W","TRP","HB2","1",.42,4.54,3.20758145743146,.358562923089874,1386,4445.7079,14438.03603239
"W","TRP","HB3","1",.929,4.49,3.15941589205397,.363343811979424,1334,4214.6608,13491.8472725
"W","TRP","HD1","1",4.9,8.93,7.15795859676176,.341853974094146,1297,9283.8723,66605.0294659501
"W","TRP","HE1","1",5.16,12.14,10.1119104214559,.565002555234843,1305,13196.0431,133853.47891007
"W","TRP","HE3","1",4.89,8.98,7.3460986092150170648464163823,.399925838050998,1172,8609.62757,63434.4636493629
"W","TRP","HZ2","1",4.9,8.598,7.29276258116883,.335068049110321,1232,8984.6835,65661.3687380101
"W","TRP","HZ3","1",3.877,8.2,6.87000479094077,.446286149133189,1148,7886.7655,54410.56628199
"W","TRP","HH2","1",4.92,10.9,7.00242326989619,.419008051544455,1156,8094.8013,56886.0057363902
"W","TRP","C","1",169.632,181.833,176.12585889428918590522478736,1.96971280097803,823,144951.58187,25532911.0246617
"W","TRP","CA","1",47.7,65.12,57.6497648514851,2.62449273884197,1212,69871.515,4036417.731714
"W","TRP","CB","1",23.632,43.02,29.9934472095151,2.04557007549473,1093,32782.8378,987839.632704061
"W","TRP","CG","1",102.53,114.6,110.213488372093,1.83504112307811,86,9478.36,1044929.3466
"W","TRP","CD1","1",116.636,132.346,126.410518693694,1.9636153524098,444,56126.2703,7096659.05383219
"W","TRP","CD2","1",120.2,130.7,127.456301369863,1.36101423256833,73,9304.31,1186026.3093
"W","TRP","CE2","1",118.37,177.71,137.665263157895,6.64307375748389,57,7846.92,1082719.6108
"W","TRP","CE3","1",113.971,137.6,120.490644192635,1.99288555511424,353,42533.1974,5126250.35497668
"W","TRP","CZ2","1",102.406,120.87,114.142952970297,1.44143358675795,404,46113.753,5264397.26546926
"W","TRP","CZ3","1",114.9,138.39,121.340989722222,1.95196427503507,360,43682.7563,5301876.73230327
"W","TRP","CH2","1",114.2,130.071,123.570118648649,1.68735917224336,370,45720.9439,5650793.07223141
"W","TRP","N","1",101.75,134.8,121.629539353891,4.48332293836171,1362,165659.4326,20176436.8279643
"W","TRP","NE1","1",106.75,139.96,129.532694407457,2.39503981901773,751,97279.0535,12605120.0710631
"W","TRP","O","0",10000,-10000,0,0,,,
"Y","TYR","H","1",4.392,11.92,8.34043006979063,.752489769652473,5015,41827.2568,351696.441990681
"Y","TYR","HA","1",1.2,6.73,4.6280303986711,.568409462233646,4214,19502.5201,91619.4311649902
"Y","TYR","HB2","1",.313,4.7,2.9104778939590355198340679284,.374364437140629,3857,11225.713237,33212.6037300157
"Y","TYR","HB3","1",.34,4.7,2.8836882407008086253369272237,.377937721915839,3710,10698.483373,31380.8728384417
"Y","TYR","HD1","1",5.12,8,6.9487755856430155210643015521,.299658968611378,3608,25071.182313,174537.911919151
"Y","TYR","HD2","1",4.43,10.499,6.94705363790186,.313130999454135,2955,20528.5435,142902.535523909
"Y","TYR","HE1","1",4.58,7.86,6.7128918402383654937570942111,.237331784930802,3524,23656.230845,159000.156833331
"Y","TYR","HE2","1",4.56,8.5,6.71420148686031,.239721117804363,2892,19417.4707,130538.94547061
"Y","TYR","HH","1",5.31,13.03,8.98560975609756,1.57799955214515,82,736.82,6822.47367
"Y","TYR","C","1",168.368,182.4,175.40778076052512449071978271,2.03748044874087,2209,387475.7877,67975434.1479798
"Y","TYR","CA","1",45.2,65.8,58.0561631975867,2.62396658318118,3315,192456.181,11196085.007407
"Y","TYR","CB","1",28.945,57.732,39.2780946538725,2.19044704054169,2918,114613.4802,4515795.05978389
"Y","TYR","CG","1",120.94,138.7,128.966417910448,2.83669339168985,67,8640.75,1114897.6663
"Y","TYR","CD1","1",116.44,136.7,132.614350622776,1.30585931453222,1124,149058.5301,19769215.1905779
"Y","TYR","CD2","1",113.003,136.7,132.435394642857,1.73783295359946,672,88996.5852,11788324.345353
"Y","TYR","CE1","1",110.7,133.31,117.79944841629,1.53035735293704,1105,130168.3905,15336350.1631012
"Y","TYR","CE2","1",114.58,133.31,117.839689457831,1.78135654494865,664,78245.5538,9222535.61349401
"Y","TYR","CZ","1",153.54,162.7,156.467317460317,2.27141666626467,63,9857.441,1542687.228981
"Y","TYR","N","1",103.6,144.96,120.817070119522,4.5326990130145,3765,454876.269,55034150.823809
"Y","TYR","O","0",10000,-10000,0,0,,,
"Y","TYR","OH","0",10000,-10000,0,0,,,
"V","VAL","H","1",3.98,11.63,8.288943654991069656677912284,.696933110643972,10078,83535.974155,697319.540656279
"V","VAL","HA","1",1.73,6.13,4.17444971946998,.575863615849766,8377,34969.3653,148755.497107031
"V","VAL","HB","1",-.56,3.42,1.9910292966627094050916765598,.314279647612162,7581,15093.993098,30801.2719242692
"V","VAL","HG1","1",-1.09,2.56,.839745572705118,.26227681615004,7386,6202.3608,5716.41273453996
"V","VAL","HG11","0",10000,-10000,0,0,,,
"V","VAL","HG12","0",10000,-10000,0,0,,,
"V","VAL","HG13","0",10000,-10000,0,0,,,
"V","VAL","HG2","1",-2.32,3.32,.815808560584762,.287962810432905,7114,5803.6621,5324.50553683
"V","VAL","HG21","0",10000,-10000,0,0,,,
"V","VAL","HG22","0",10000,-10000,0,0,,,
"V","VAL","HG23","0",10000,-10000,0,0,,,
"V","VAL","C","1",168.5,181.72,175.70155252813348855258051998,1.93789343506031,5154,905565.80173,159128669.016111
"V","VAL","CA","1",51.1,70.02,62.4667228748484,2.9649323906432,7423,463690.4839,29030470.4538155
"V","VAL","CB","1",22.04,42.3,32.6355108613667,1.81960910987289,6629,216340.8015,7082337.73473882
"V","VAL","CG1","1",11.6,29,21.4353251428571,1.48249922256796,4550,97530.7294,2100600.70625443
"V","VAL","CG2","1",11.3,31.103,21.2887133891213,1.64913211174422,4302,91584.045,1961403.64256265
"V","VAL","N","1",96.29,143.29,121.124345104523,4.79683898965364,8467,1025559.83,124415062.592158
"V","VAL","O","0",10000,-10000,0,0,,,
