"A","ADE","H2","1",6.05,8.53,7.52266216216216,.360175030741967,222,1670.031,12591.748471
"A","ADE","H61","1",5.62,8.03,6.9174,.798568295812515,40,276.696,1938.887652
"A","ADE","H62","1",5.66,8.23,6.53164102564103,.674230418492043,39,254.734,1681.105338
"A","ADE","H8","1",6.95,8.97,8.1434631147541,.236185989591116,244,1987.005,16194.657395
"A","ADE","H1'","1",5.19,6.68,6.07214876033058,.226000097718116,242,1469.46,8935.089044
"A","ADE","H2'","1",1.699,3.16,2.64226890756303,.172026967637597,238,628.86,1668.630832
"A","ADE","H2''","1",2.08,3.34,2.81985714285714,.177572106265179,238,671.126,1899.952494
"A","ADE","H3'","1",4.47,5.504,4.97119246861925,.13688720048754,239,1188.115,5910.808009
"A","ADE","H4'","1",2.076,4.69,4.35130396475771,.244540421640389,227,987.746,4311.49789
"A","ADE","H5'","1",2.909,4.33,4.08666949152542,.207593910582308,118,482.227,1975.744511
"A","ADE","H5''","1",3.086,4.46,4.08162962962963,.188456375506425,108,440.816,1803.047838
"A","ADE","C2","1",153.1,154.92,154.15,.532784030852815,18,2774.7,427724.8306
"A","ADE","C4","1",10000,-10000,0,0,,,
"A","ADE","C5","1",10000,-10000,0,0,,,
"A","ADE","C6","1",10000,-10000,0,0,,,
"A","ADE","C8","1",139,142.7,141.256666666667,.810977224076743,24,3390.16,478897.8278
"A","ADE","C1'","1",82.9,86.271,84.8848,.638963548779326,25,2122.12,180145.530362
"A","ADE","C2'","1",36.228,42.934,40.9119090909091,1.38027291673632,22,900.062,36863.26294
"A","ADE","C3'","1",72.71,81.69,78.6489090909091,2.30085050339223,22,1730.276,136195.492
"A","ADE","C4'","1",86.1,88.707,87.3813636363636,.624148070452244,22,1922.39,167989.240418
"A","ADE","C5'","1",67.41,69.708,68.2555263157895,.530258466161829,19,1296.855,88522.581713
"A","ADE","N1","1",225.2,227,226.1,1.27279220613396,2,452.2,102244.04
"A","ADE","N3","1",216.3,216.4,216.35,.070710678151582,2,432.7,93614.65
"A","ADE","N6","1",77.4,81.7,80.15,1.35435804508454,8,641.2,51405.02
"A","ADE","N7","1",233.5,233.5,233.5,0,1,233.5,54522.25
"A","ADE","N9","1",10000,-10000,0,0,,,
"A","ADE","O3'","0",10000,-10000,0,0,,,
"A","ADE","O4'","0",10000,-10000,0,0,,,
"A","ADE","O5'","0",10000,-10000,0,0,,,
"A","ADE","OP1","0",10000,-10000,0,0,,,
"A","ADE","OP2","0",10000,-10000,0,0,,,
"A","ADE","P","1",-45.291,35.48,-3.0302027027027,9.99851471295602,74,-224.235,7977.309145
"C","CYT","H41","1",5.5,9.85,7.73578417266187,.931880308624873,139,1075.274,8437.926916
"C","CYT","H42","1",5.71,9.1,7.36482014388489,.838504165483582,139,1023.71,7636.466344
"C","CYT","H5","1",1.99,6.39,5.52396875,.499344478719556,288,1590.903,8859.660445
"C","CYT","H6","1",6.35,8.305,7.50033564013841,.253370271723804,289,2167.597,16276.193623
"C","CYT","H1'","1",4.79,6.57,5.88164459930314,.300389919967261,287,1688.032,9954.21125
"C","CYT","H2'","1",1.04,2.82,2.11695774647887,.236665629351747,284,601.216,1288.599874
"C","CYT","H2''","1",1.35,2.82,2.35910431654676,.199060700199647,278,655.831,1558.149913
"C","CYT","H3'","1",4.04,5.276,4.74695053003534,.16609404440437,283,1343.387,6384.771231
"C","CYT","H4'","1",1.58,4.66,4.14879296875,.275931918481068,256,1062.091,4425.810971
"C","CYT","H5'","1",3.329,4.655,4.06948201438849,.22031053026725,139,565.658,2308.633126
"C","CYT","H5''","1",0,4.57,4.01333898305085,.425330444093141,118,473.574,1921.778996
"C","CYT","C2","1",10000,-10000,0,0,,,
"C","CYT","C4","1",10000,-10000,0,0,,,
"C","CYT","C5","1",97.36,99.2,98.4116666666667,.521525076865188,24,2361.88,232442.803
"C","CYT","C6","1",141.57,144.7,142.990434782609,.843706531598865,23,3288.78,470279.7426
"C","CYT","C1'","1",85.4,88.53,86.9608148148148,.888097709325787,27,2347.942,204199.456114
"C","CYT","C2'","1",37.729,42.27,40.508375,1.23594346553531,16,648.134,26277.768466
"C","CYT","C3'","1",71.899,80,75.7805,2.6379699012687,16,1212.488,91987.330162
"C","CYT","C4'","1",83.93,88.2,86.0236111111111,1.22434141426824,18,1548.425,133226.593237
"C","CYT","C5'","1",47.77,68.4,65.3032631578947,4.61839974500686,19,1240.762,81409.740494
"C","CYT","N1","1",10000,-10000,0,0,,,
"C","CYT","N3","1",10000,-10000,0,0,,,
"C","CYT","N4","1",95.1,98.6,97.4444444444444,1.07251003621265,9,877,85467.98
"C","CYT","O2","0",10000,-10000,0,0,,,
"C","CYT","O3'","0",10000,-10000,0,0,,,
"C","CYT","O4'","0",10000,-10000,0,0,,,
"C","CYT","O5'","0",10000,-10000,0,0,,,
"C","CYT","OP1","0",10000,-10000,0,0,,,
"C","CYT","OP2","0",10000,-10000,0,0,,,
"C","CYT","P","1",-9.414,52.721,1.59573417721519,13.9170412423494,79,126.063,15308.517919
"G","GUA","H1","1",9.88,13.52,12.6365202312139,.552974741733493,173,2186.118,27677.518678
"G","GUA","H21","1",3.95,10.48,7.92252941176471,1.63253603116383,34,269.366,2222.010796
"G","GUA","H22","1",3.95,8.26,6.8313,.80992920720867,30,204.939,1419.023365
"G","GUA","H8","1",6.894,8.44,7.79986476868327,.200558762863758,281,2191.762,17106.709874
"G","GUA","H1'","1",4.96,6.35,5.83066077738516,.268066490604888,283,1650.077,9641.303663
"G","GUA","H2'","1",1.96,3.71,2.61536298932384,.20927359890046,281,734.917,1934.337445
"G","GUA","H2''","1",1.16,3.08,2.65749290780142,.181169495419393,282,749.413,2000.782823
"G","GUA","H3'","1",4.21,5.366,4.89995636363636,.153859157753682,275,1347.488,6609.118704
"G","GUA","H4'","1",3.604,4.65,4.308703125,.149772002377177,256,1103.028,4758.340262
"G","GUA","H5'","1",2.901,4.493,4.08484137931034,.21169818255732,145,592.302,2425.91324
"G","GUA","H5''","1",3.59,4.47,4.09170796460177,.190294681322333,113,462.363,1895.910121
"G","GUA","C2","1",10000,-10000,0,0,,,
"G","GUA","C4","1",10000,-10000,0,0,,,
"G","GUA","C5","1",10000,-10000,0,0,,,
"G","GUA","C6","1",10000,-10000,0,0,,,
"G","GUA","C8","1",136.1,139.1,137.818,.861135113792479,20,2756.36,379890.112
"G","GUA","C1'","1",83.66,87.51,85.0260454545455,1.10629026059753,22,1870.573,159073.126365
"G","GUA","C2'","1",39.218,44.38,41.3393684210526,1.484358155737,19,785.448,32509.583992
"G","GUA","C3'","1",72.3,79.4,76.9133888888889,2.80883729637652,18,1384.441,106616.171665
"G","GUA","C4'","1",85.44,89.4,87.2212105263158,1.10928438288148,19,1657.203,144565.400961
"G","GUA","C5'","1",64.105,69.2,67.4537894736842,1.60741250250742,19,1281.622,86496.768522
"G","GUA","N1","1",146.7,147.7,147.044444444444,.278886675509329,9,1323.4,194599.24
"G","GUA","N2","1",75.1,75.6,75.375,.221735578260178,4,301.5,22725.71
"G","GUA","N3","1",10000,-10000,0,0,,,
"G","GUA","N7","1",236.9,237,236.933333333333,5.77350269878553E-02,3,710.8,168412.22
"G","GUA","N9","1",10000,-10000,0,0,,,
"G","GUA","O6","0",10000,-10000,0,0,,,
"G","GUA","O3'","0",10000,-10000,0,0,,,
"G","GUA","O4'","0",10000,-10000,0,0,,,
"G","GUA","O5'","0",10000,-10000,0,0,,,
"G","GUA","OP1","0",10000,-10000,0,0,,,
"G","GUA","OP2","0",10000,-10000,0,0,,,
"G","GUA","P","1",-20.919,47.102,2.62685542168675,14.5266885833749,83,218.029,17876.754519
"T","THY","H3","1",10.72,14.46,13.4751193181818,.721436085652623,176,2371.621,32048.958207
"T","THY","H6","1",6.425,8.33,7.32927306273063,.232489568012536,271,1986.233,14572.237901
"T","THY","H7","1",.42,2.028,1.54224015748031,.240573329936332,254,391.729,618.782703
"T","THY","H71","0",10000,-10000,0,0,,,
"T","THY","H72","0",10000,-10000,0,0,,,
"T","THY","H73","0",10000,-10000,0,0,,,
"T","THY","H1'","1",4.69,6.62,5.91394464944649,.236407715686417,271,1602.679,9493.244821
"T","THY","H2'","1",1.411,2.78,2.11724907063197,.197131086701937,269,569.54,1216.272694
"T","THY","H2''","1",1.683,2.84,2.41881784386617,.18249720989843,269,650.662,1582.758658
"T","THY","H3'","1",4.06,5.41,4.83439015151515,.129263853342518,264,1276.279,6174.425133
"T","THY","H4'","1",2.242,4.61,4.15484362139918,.220374325213408,243,1009.627,4206.594993
"T","THY","H5'","1",2.97,4.38,4.06340336134454,.244903485636174,119,483.545,1971.915749
"T","THY","H5''","1",3.57,4.457,4.05684466019417,.177379053369187,103,417.855,1698.382085
"T","THY","C2","1",10000,-10000,0,0,,,
"T","THY","C4","1",10000,-10000,0,0,,,
"T","THY","C5","1",10000,-10000,0,0,,,
"T","THY","C6","1",137.2,140.1,139.1984,.912298744931164,25,3479.96,484424.839
"T","THY","C7","1",14.2,14.8,14.485,.157964019887335,20,289.7,4196.7786
"T","THY","C1'","1",84.9,87.81,85.93,.847889019551162,20,1718.6,147692.9574
"T","THY","C2'","1",37.7,40.56,39.465,.753793912922173,20,789.3,31160.5204
"T","THY","C3'","1",76.5,79.9,77.3906666666667,.926957131593334,15,1160.86,89851.7588
"T","THY","C4'","1",84.6,88.49,86.18,.957554756194019,19,1637.42,141129.36
"T","THY","C5'","1",63.32,68.4,66.7052631578947,1.3441658645208,19,1267.4,84574.7726
"T","THY","N1","1",10000,-10000,0,0,,,
"T","THY","N3","1",158.4,160.5,159.31875,.753851223163609,16,2549.1,406127.95
"T","THY","O2","0",10000,-10000,0,0,,,
"T","THY","O4","0",10000,-10000,0,0,,,
"T","THY","OP1","0",10000,-10000,0,0,,,
"T","THY","OP2","0",10000,-10000,0,0,,,
"T","THY","P","1",-4.67,47.785,2.71285897435897,13.6414532414364,78,211.603,14902.921081
