"A","ADE","H2","1",6.51,8.38,7.65665876777251,.384686325101824,211,1615.555,12400.829905
"A","ADE","H61","1",5.59,8.8,7.39105084745763,.798790215084511,59,436.072,3260.038142
"A","ADE","H62","1",5.98,8.11,6.801,.450510995273977,52,353.652,2415.53822
"A","ADE","H8","1",7.35,8.779,7.97933644859813,.238939831502467,214,1707.578,13637.500022
"A","ADE","H1'","1",5.16,6.26,5.87064788732394,.188138530248112,213,1250.448,7348.443884
"A","ADE","HO2'","1",6.744,6.807,6.7755,4.45477272148204E-02,2,13.551,91.816785
"A","ADE","H2'","1",4.05,5.57,4.60866509433962,.186976583445274,212,977.037,4510.212929
"A","ADE","H3'","1",4.1,5.41,4.59413235294118,.181271337136735,204,937.203,4312.305061
"A","ADE","H4'","1",3.7,5.29,4.4681387283237,.165229872829024,173,772.988,3458.513376
"A","ADE","H5'","1",3.77,4.652,4.26456060606061,.200923412455885,132,562.922,2405.903484
"A","ADE","H5''","1",3.51,4.65,4.17521100917431,.196516047473773,109,455.098,1904.300984
"A","ADE","C2","1",148.5,157.6,153.462761061947,1.6909642762273,113,17341.292,2661562.799042
"A","ADE","C4","1",10000,-10000,0,0,,,
"A","ADE","C5","1",10000,-10000,0,0,,,
"A","ADE","C6","1",10000,-10000,0,0,,,
"A","ADE","C8","1",135.22,143.175,139.666465517241,1.77664194935077,116,16201.31,2263142.69696
"A","ADE","C1'","1",84.4,93.9,90.851350877193,2.13640466727273,114,10357.054,941468.104422
"A","ADE","C2'","1",65.245,79.7,74.2569367088608,3.06863754258105,79,5866.298,436347.809138
"A","ADE","C3'","1",62.835,78.227,72.3923538461538,3.6815800804086,65,4705.503,341509.896241
"A","ADE","C4'","1",71.993,87.418,81.7795857142857,3.47609957368428,70,5724.571,468986.790281
"A","ADE","C5'","1",51.143,68.94,63.980126984127,4.67524683665073,63,4030.748,259242.960726
"A","ADE","N1","1",210.5,227,222.113324324324,4.12454700579537,37,8218.193,1825982.595137
"A","ADE","N3","1",211.547,224.6,215.736916666667,3.38013973823396,36,7766.529,1675926.906725
"A","ADE","N6","1",75.52,84.036,80.0605416666667,2.5661270933177,24,1921.453,153984.023157
"A","ADE","N7","1",226.7,235.8,230.849315789474,2.32804085619057,19,4386.137,1012634.281345
"A","ADE","N9","1",167.4,173.6,170.077111111111,1.40465293641852,27,4592.082,781059.339842
"A","ADE","O2'","0",10000,-10000,0,0,,,
"A","ADE","O3'","0",10000,-10000,0,0,,,
"A","ADE","O4'","0",10000,-10000,0,0,,,
"A","ADE","O5'","0",10000,-10000,0,0,,,
"A","ADE","OP1","0",10000,-10000,0,0,,,
"A","ADE","OP2","0",10000,-10000,0,0,,,
"A","ADE","P","1",-4.053,-.11,-3.00192592592593,1.30514469949109,27,-81.052,287.60057
"C","CYT","H41","1",6.51,8.964,8.07626666666667,.623441521631605,165,1332.584,10826.04715
"C","CYT","H42","1",5.23,8.821,7.16808974358974,.653581284248502,156,1118.222,8081.726766
"C","CYT","H5","1",4.89,6.18,5.45431395348837,.262397873924974,258,1407.213,7693.076631
"C","CYT","H6","1",6.991,8.46,7.6777680608365,.216351926089283,263,2019.253,15515.619927
"C","CYT","H1'","1",4.377,6.2,5.54444357976654,.172834474551203,257,1424.922,7908.046804
"C","CYT","HO2'","1",6.28,6.78,6.53,.353553390593274,2,13.06,85.4068
"C","CYT","H2'","1",3.88,4.93,4.33042352941176,.200896379633126,255,1104.258,4792.156102
"C","CYT","H3'","1",4.06,4.738,4.39057142857143,.149972210540532,245,1075.69,4728.381746
"C","CYT","H4'","1",3.66,4.84,4.32638048780488,.169399954886212,205,886.908,3842.95552
"C","CYT","H5'","1",2.787,4.606,4.24497959183673,.257007714541947,147,624.012,2658.561938
"C","CYT","H5''","1",2.701,4.6,4.14778873239437,.274910735505618,142,588.986,2453.645698
"C","CYT","C2","1",10000,-10000,0,0,,,
"C","CYT","C4","1",167.2,168.8,168.3125,.543631965839379,8,1346.5,226634.85
"C","CYT","C5","1",90.927,99.5,96.8234962962963,1.74518131407989,135,13071.172,1266004.691878
"C","CYT","C6","1",136.67,144.9,140.772864285714,1.44088993888534,140,19708.201,2774668.491459
"C","CYT","C1'","1",86.657,95.8,92.116231884058,2.07794800272718,138,12712.04,1171576.772262
"C","CYT","C2'","1",65.065,93.761,74.1477075471698,3.55904345085665,106,7859.657,584105.561637
"C","CYT","C3'","1",59.843,80.22,71.0065483870968,3.42476072320692,93,6603.609,469978.548701
"C","CYT","C4'","1",71.834,86.8,81.0975591397849,3.23386998764725,93,7542.073,612605.839343
"C","CYT","C5'","1",50.261,67.6,63.1275054945055,3.91996769366989,91,5744.603,364025.410651
"C","CYT","N1","1",149.1,178.834,152.99244,7.40815275040471,25,3824.811,586484.304881
"C","CYT","N3","1",178.853,198.266,194.548407407407,6.23718358691413,27,5252.807,1022936.700205
"C","CYT","N4","1",93.904,102.623,97.4100175438597,1.93178774058873,57,5552.371,541065.537537
"C","CYT","O2","0",10000,-10000,0,0,,,
"C","CYT","O2'","0",10000,-10000,0,0,,,
"C","CYT","O3'","0",10000,-10000,0,0,,,
"C","CYT","O4'","0",10000,-10000,0,0,,,
"C","CYT","O5'","0",10000,-10000,0,0,,,
"C","CYT","OP1","0",10000,-10000,0,0,,,
"C","CYT","OP2","0",10000,-10000,0,0,,,
"C","CYT","P","1",-4.99,-.65,-3.2540487804878,1.38674797550275,41,-133.416,511.06497
"G","GUA","H1","1",6.91,13.73,12.4487136363636,1.01744752921165,220,2738.717,34320.212349
"G","GUA","H21","1",5.8,8.98,7.424,.969129132449509,70,519.68,3922.909898
"G","GUA","H22","1",5.684,8.974,6.53152307692308,.790028265073714,65,424.549,2812.896849
"G","GUA","H8","1",6.8,8.458,7.57161075949367,.352507917837089,316,2392.629,18155.197957
"G","GUA","H1'","1",3.61,6,5.60021135646688,.405489690043276,317,1775.267,9993.827731
"G","GUA","HO2'","1",6.45,6.45,6.45,0,1,6.45,41.6025
"G","GUA","H2'","1",3.89,5.04,4.56108490566038,.207154590376415,318,1450.425,6629.115003
"G","GUA","H3'","1",3.798,5.65,4.51170779220779,.234946786554678,308,1389.606,6286.442616
"G","GUA","H4'","1",3.954,4.85,4.42205577689243,.130350377354546,251,1109.936,4912.44670599999
"G","GUA","H5'","1",3.83,4.646,4.23966834170854,.185897795730179,199,843.694,3583.825224
"G","GUA","H5''","1",3.805,4.564,4.19715934065934,.171804211757017,182,763.883,3211.481189
"G","GUA","C2","1",154.8,154.8,154.8,0,1,154.8,23963.04
"G","GUA","C4","1",10000,-10000,0,0,,,
"G","GUA","C5","1",10000,-10000,0,0,,,
"G","GUA","C6","1",10000,-10000,0,0,,,
"G","GUA","C8","1",132.28,143,136.663726708075,2.00067679170188,161,22002.86,3007633.279056
"G","GUA","C1'","1",84.004,94.54,90.8590580645161,2.28595480985665,155,14083.154,1280386.847784
"G","GUA","C2'","1",64.735,79.2,73.4550775862069,3.5469186581934,116,8520.789,627341.989767
"G","GUA","C3'","1",62.408,81,71.8771559633028,3.75917176204606,109,7834.61,564655.673094
"G","GUA","C4'","1",72.079,87.1,81.0059791666667,3.89425357750088,96,7776.574,631389.68647
"G","GUA","C5'","1",50.36,70.1,63.6675263157895,5.16148777999355,95,6048.415,387591.871055
"G","GUA","N1","1",127.307,152.1,146.417016949153,4.44846058455745,118,17277.208,2531992.546354
"G","GUA","N2","1",70.37,77.853,74.0690952380952,1.93677600420804,21,1555.451,115285.870283
"G","GUA","N3","1",161.55,162.976,162.4035,.504168920101406,6,974.421,158250.651805
"G","GUA","N7","1",217.005,235.5,230.14078125,6.78067340710459,32,7364.505,1696298.237707
"G","GUA","N9","1",165.6,169.956,168.427363636364,1.07472347659168,33,5558.103,936173.596087
"G","GUA","O6","0",10000,-10000,0,0,,,
"G","GUA","O2'","0",10000,-10000,0,0,,,
"G","GUA","O3'","0",10000,-10000,0,0,,,
"G","GUA","O4'","0",10000,-10000,0,0,,,
"G","GUA","O5'","0",10000,-10000,0,0,,,
"G","GUA","OP1","0",10000,-10000,0,0,,,
"G","GUA","OP2","0",10000,-10000,0,0,,,
"G","GUA","P","1",-4.9,-.22,-3.00095238095238,1.17981641714503,42,-126.04,435.310676
"U","URA","H3","1",10.655,14.755,13.1627111111111,1.15705132051357,90,1184.644,15712.277072
"U","URA","H5","1",4.82,6.29,5.45746052631579,.285500371291609,152,829.534,4539.45714
"U","URA","H6","1",7.12,8.23,7.77453548387097,.192023005839568,155,1205.053,9374.405725
"U","URA","H1'","1",5.11,6.14,5.6344064516129,.178099953578372,155,873.333,4925.597907
"U","URA","HO2'","1",6.674,6.674,6.674,0,1,6.674,44.542276
"U","URA","H2'","1",3.8,5.2,4.41023870967742,.233643448077391,155,683.587,3023.188595
"U","URA","H3'","1",3.705,4.99,4.48772297297297,.18530452307317,148,664.183,2985.716959
"U","URA","H4'","1",4.06,4.625,4.41044915254237,.100080104451182,118,520.433,2296.515159
"U","URA","H5'","1",3.94,4.601,4.30528089887641,.197556377958051,89,383.17,1653.088992
"U","URA","H5''","1",3.86,4.602,4.18722471910112,.179558850368536,89,372.663,1563.260967
"U","URA","C2","1",150.01,151.89,150.922857142857,.764759532699903,7,1056.46,159447.4708
"U","URA","C4","1",164.02,166.98,165.542857142857,1.11741836817056,7,1158.8,191838.5546
"U","URA","C5","1",96.417,107.1,103.01822972973,2.00648537912334,74,7623.349,785637.815393
"U","URA","C6","1",134.8,145.7,141.193965517241,1.74316376666043,87,12283.875,1734670.344481
"U","URA","C1'","1",86.76,94.5,91.4101264367816,2.18312418978324,87,7952.681,727365.454407
"U","URA","C2'","1",65.212,83,73.7464637681159,2.91388534626307,69,5088.506,375836.692854
"U","URA","C3'","1",62.261,79.1,71.4683275862069,3.34775256577891,58,4145.163,296886.691675
"U","URA","C4'","1",72.067,86,81.170564516129,3.1076002898287,62,5032.575,409086.041673
"U","URA","C5'","1",50.507,67.9,63.1322807017544,4.18131554296005,57,3598.54,228163.107778
"U","URA","N1","1",143.5,147.4,145.493,1.20991625054383,13,1891.409,275204.336405
"U","URA","N3","1",154.5,165.283,160.579338709677,2.3318252608914,62,9955.919,1599046.571219
"U","URA","O2","0",10000,-10000,0,0,,,
"U","URA","O4","0",10000,-10000,0,0,,,
"U","URA","O2'","0",10000,-10000,0,0,,,
"U","URA","O3'","0",10000,-10000,0,0,,,
"U","URA","O4'","0",10000,-10000,0,0,,,
"U","URA","O5'","0",10000,-10000,0,0,,,
"U","URA","OP1","0",10000,-10000,0,0,,,
"U","URA","OP2","0",10000,-10000,0,0,,,
"U","URA","P","1",-4.81,-.43,-3.63159259259259,1.19138494906814,27,-98.053,392.992899
